Variable name: a, Type: int, Value: 30
Variable name: b, Type: int, Value: 69
Variable name: calc, Type: Calculator, Value: Undefined
Variable name: counter, Type: int, Value: 1
Variable name: f, Type: int, Value: 0
Variable name: globalX, Type: int, Value: 5
Variable name: globalY, Type: int, Value: 10
Variable name: isActive, Type: bool, Value: 1
Variable name: n, Type: int, Value: 20
Variable name: s, Type: string, Value: "nice book"

Function name: factorial, Return type: int, Function Header contains 1 parameter.
Parameter List: int 

Class name: Calculator
######                   Class Attributes                   ######

Attribute Name: , Type: , Value: 0
Attribute Name: , Type: , Value: 0
Attribute Name: a, Type: int, Value: 20
Attribute Name: b, Type: int, Value: 0

Method Name: add, Return Type: int, Access Type: public. Method Header contains 0 parameters.

Method Name: multiply, Return Type: int, Access Type: protected. Method Header contains 0 parameters.

Method Name: randomFunction, Return Type: string, Access Type: private. Method Header contains 0 parameters.
Parameter List: int int int 

Method Name: ceva, Return Type: bool, Access Type: private. Method Header contains 1 parameter.
Parameter List: bool 

Method Name: f, Return Type: float, Access Type: private. Method Header contains 0 parameters.
